2026-03-07 02:24:20,605 - INFO - Logging setup complete
2026-03-07 02:24:20,653 - INFO - Starting Resource HUD Application
2026-03-07 02:24:20,681 - INFO - Loading HUD positions
2026-03-07 02:24:20,681 - INFO - HUD positions file not found; using empty configuration.
2026-03-07 02:24:20,681 - INFO - Creating control panel
2026-03-07 02:24:20,761 - INFO - Waiting for a valid game path to be selected
2026-03-07 02:24:20,761 - INFO - No game path set, user needs to select one in the control panel
2026-03-07 02:24:22,453 - INFO - Starting data update thread
2026-03-07 02:24:22,454 - INFO - Entering application event loop
2026-03-07 02:24:22,454 - INFO - Waiting for the game to start and players to load...
2026-03-07 02:24:22,455 - INFO - Waiting for the game to start...
2026-03-07 02:24:23,389 - INFO - Game detected
2026-03-07 02:24:23,390 - INFO - Players loaded. Proceeding with players initialization.
2026-03-07 02:24:23,391 - INFO - Player 0 color: yellow
2026-03-07 02:24:23,391 - INFO - Player 0 country name: YuriCountry
2026-03-07 02:24:23,391 - INFO - Player 0 faction: Yuri
2026-03-07 02:24:23,391 - INFO - Player 0 name: Snark
2026-03-07 02:24:23,392 - INFO - Number of valid players: 1
2026-03-07 02:24:23,392 - INFO - Game started handler called
2026-03-07 02:24:23,392 - INFO - Creating ResourceWindow for Snark with color yellow
2026-03-07 02:24:23,479 - INFO - Creating FactoryWindow for Snark with color yellow
2026-03-07 02:24:23,489 - INFO - Unit windows created successfully.
2026-03-07 02:24:38,813 - INFO - Opening Unit Selection window
2026-03-07 02:27:37,455 - INFO - All counter windows closed
2026-03-07 02:27:37,456 - INFO - Saved selected units.
2026-03-07 02:27:37,457 - INFO - HUD positions saved successfully.
2026-03-07 02:27:37,457 - INFO - Settings saved on control panel close
2026-03-07 02:27:37,461 - INFO - Exiting application, stopping data update thread
2026-03-07 02:27:38,326 - INFO - Emitted game_stopped signal.
2026-03-07 02:27:39,330 - INFO - Data update thread has exited.
2026-03-07 02:27:39,331 - INFO - Saving selected units and HUD positions
2026-03-07 02:27:39,332 - INFO - Saved selected units.
2026-03-07 02:27:39,332 - INFO - HUD positions saved successfully.
